250917
0402322231663902393352379
0603322191670702443483380
0803322091673202453481381
1003321601675702453480383
1202321511682002423496375
25/09/2017 23:00:15 tx datasss -t 6 -e 29 -l 6 -c 221

250917
1406321421684502303524379
1605321331690902351903380
1804321221693802450237380
2005321111700702483479380
2206321011703602523469294
260917
0004320501710302523468295
26/09/2017 11:00:15 tx datasss -t 6 -e 29 -l 6 -c 221

260917
0206320391713102543463287
0405320291715702463495298
0606320181722002463476295
0803320071724202483477297
1003319561730602483480295
1205319441733002473487297
26/09/2017 23:00:15 tx datasss -t 6 -e 29 -l 6 -c 221

260917
1404319331735202543335297
1604319211741602613441297
1805319081744402663373297
2005318541751202683420003
2205318401753902693238003
270917
0002318281760402723230003
27/09/2017 11:00:15 tx datasss -t 6 -e 29 -l 6 -c 221

270917
0203318151763002763244003
0405318021765702803435003
0604317461771802833442003
27/09/2017 23:00:15 tx datasss -t 6 -e 29 -l 6 -c 221

280917
0403317471771802943475003
0604318101771602963471003
0802318241774102933467003
1003318311780702893465003
1206318091782402833466003
28/09/2017 23:00:15 tx datasss -t 6 -e 29 -l 6 -c 221

290917
0606318161783102793471003
0802318301785502773466003
1005318451792102793470003
1205318591794702803469003
29/09/2017 23:00:15 tx datasss -t 6 -e 29 -l 6 -c 221

290917
1406519151794802793469003
1602519271792502793470003
1802519401790102783469003
2003519541783702783468003
2204520071781402553475234
300917
0005520201775102533483227
30/09/2017 11:00:15 tx datasss -t 6 -e 29 -l 6 -c 221

300917
0202520311772702521816227
0404520371766002551869224
0602520421763302603376230
0804520471760402602022230
1004520531753502513292232
30/09/2017 23:00:15 tx datasss -t 6 -e 29 -l 6 -c 221

011017
1204521051751302511657223
01/10/2017 23:00:15 tx datasss -t 6 -e 29 -l 6 -c 221

021017
0204520571750802561665223
0403520491744502621675218
0605520381742402640246227
0802520141741202661652230
1006519491740002601661226
1203519251734902681660217
02/10/2017 23:00:15 tx datasss -t 6 -e 29 -l 6 -c 221

021017
1404518601733702721654226
1604518311732902751661232
1802518041732102770304220
2003517361731402781925132
2204517081730602771994003
031017
0005516401725902802018026
03/10/2017 11:00:15 tx datasss -t 6 -e 29 -l 6 -c 221

031017
0203516151725202882123003
0405515501724502932965024
0605515261723902863485272
0802515011723202863478274
1004514371722502882936268
1206514121721902893442283
03/10/2017 23:00:15 tx datasss -t 6 -e 29 -l 6 -c 221

031017
1406513491721102903461281
1602513431714902903453274
04/10/2017 11:00:15 tx datasss -t 6 -e 29 -l 6 -c 221

041017
0403513461714302913464278
1206513471713602903462278
04/10/2017 23:00:15 tx datasss -t 6 -e 29 -l 6 -c 221

041017
1405514011711802911756274
1604514151705902903472269
1803514221704002893473270
05/10/2017 11:00:15 tx datasss -t 6 -e 29 -l 6 -c 221

051017
2004514221703602893222268
2204514261701202893046284
061017
0005514301694702903484015
06/10/2017 11:00:15 tx datasss -t 6 -e 29 -l 6 -c 221

061017
0206514351692302903439248
0403514391690002912976245
0605514431683702893263258
0805514481681302893226240
1005514521674702873407252
1203514561672202872027253
06/10/2017 23:00:15 tx datasss -t 6 -e 29 -l 6 -c 221

061017
1403514601665702853346246
1604515041663102833073250
1803515081660402841970256
2003515121654002863416214
2204515151651702871830211
071017
0005515191645302873510210
07/10/2017 11:00:15 tx datasss -t 6 -e 29 -l 6 -c 221

071017
0203515231643102851872213
0403515261640802813335218
0602515301634502823160220
0804515341631902841775216
1004515381625202803527212
1205515421622402803537211
07/10/2017 23:00:15 tx datasss -t 6 -e 29 -l 6 -c 221

071017
1402515461615802823539208
1602515501613202813530208
1805515551610502803541212
2005515581604102803553003
2203516011601902803554003
081017
0002516051595502843554003
08/10/2017 11:00:15 tx datasss -t 6 -e 29 -l 6 -c 221

081017
0203516091592802873554003
0405516141590102873555003
0603516181583502833555003
0806516221580702763556003
1006516261574102723555003
1205516301571502753556003
08/10/2017 23:00:15 tx datasss -t 6 -e 29 -l 6 -c 221

081017
1404516341564902773555003
1605516381562402753556003
1805516421555802753556003
2006516461553202733567003
2205516501550702763567003
091017
0002516541544202763569003
09/10/2017 11:00:15 tx datasss -t 6 -e 29 -l 6 -c 221

091017
0203516581541602743569003
0406517011535002723568003
0604517031532402733570026
0803517051531102713568003
1005517081524202723569003
1204517101521502723570003
09/10/2017 23:00:15 tx datasss -t 6 -e 29 -l 6 -c 221

091017
1406517131514902743570003
1606517151512102733568003
1806517181505402713569003
2002517201503002733574003
2202517231500402733574003
101017
0004517291493702733577003
10/10/2017 11:00:15 tx datasss -t 6 -e 29 -l 6 -c 221

101017
2205517291493702813614003
111017
0005517131495902813610003
11/10/2017 11:00:15 tx datasss -t 6 -e 29 -l 6 -c 221

111017
0202516581502102793605003
0402516421504402763606003
0603516261510702723607003
0802516101513002693609003
1006515531515402663609003
1205515351522002673609003
11/10/2017 23:00:15 tx datasss -t 6 -e 29 -l 6 -c 221

111017
1402515181524402663608003
1604515011530902643608003
1804514441533402633599004
2006514261535802673601004
2204514091542202753598003
121017
0005513531544502833596003
12/10/2017 11:00:15 tx datasss -t 6 -e 29 -l 6 -c 221

121017
0205513371550702903595003
0405513211553002923597003
0606513051555302873545317
0803512501561502873561315
1004512341563802893562313
1204512171570102883562311
12/10/2017 23:00:15 tx datasss -t 6 -e 29 -l 6 -c 221

121017
1402511591572602873567305
1602511421575002893553306
1802511251581402903554298
2002511081583802913539301
2203510501590202933534318
131017
0003510341592602953515319
13/10/2017 11:00:15 tx datasss -t 6 -e 29 -l 6 -c 221

131017
0204510181594702953531318
0403510031600802953506320
0604509481603002953505317
0802509331605102953490313
1003509171611202953517319
1204509011613502953511311
13/10/2017 23:00:15 tx datasss -t 6 -e 29 -l 6 -c 221

131017
1403508431615802953500318
1606508261622202943501314
1803508091624402943498313
2002507531630702943478313
2205507361633102853521003
141017
0003507191635302823529003
14/10/2017 11:00:15 tx datasss -t 6 -e 29 -l 6 -c 221

141017
0206507031641402813536003
0404506481643602873536003
0605506311645702873536003
0804506151651902813547003
1005505591654102733559003
1205505421660302683562003
14/10/2017 23:00:15 tx datasss -t 6 -e 29 -l 6 -c 221

141017
1404505251662702653564003
1605505071665102613565003
1805504501671502653563003
2004504331673802713527003
2206504161680202733551003
151017
0006503581682402803557003
15/10/2017 11:00:15 tx datasss -t 6 -e 29 -l 6 -c 221

151017
0205503421684602883559003
0402503261690802903565003
0602503091693102863566003
0802502531695302793567003
1006502361701602733570003
1202502191703902703570003
15/10/2017 23:00:15 tx datasss -t 6 -e 29 -l 6 -c 221

151017
1404502001710402663570003
1602501421712802643571003
1805501241715402623570003
2005501051721802623572003
2204500461724302683573003
161017
0002500281730802783568003
16/10/2017 11:00:15 tx datasss -t 6 -e 29 -l 6 -c 221

161017
0205500101733202863568003
0402700071735502903573003
0602700231741802873573003
0805700411744102813573003
1004700571750402733572003
1204701141752802683570003
16/10/2017 23:00:15 tx datasss -t 6 -e 29 -l 6 -c 221

161017
1405701321755502653569003
1603701491762002623571003
1806702071764702603570003
2004702241771303003413313
2206702421774003013417313
171017
0004702591780603023434316
17/10/2017 11:00:15 tx datasss -t 6 -e 29 -l 6 -c 221

171017
0205703161783103023411320
0402703311785403053400313
0605703471791803073361312
0802704021794103053348320
1003104181795603053377317
1203104341793203053365318
17/10/2017 23:00:15 tx datasss -t 6 -e 29 -l 6 -c 221

171017
1403104511790703043372312
1604105071784303033383324
1803105221782003033381317
2005105381775603043393320
2206105521773403033391321
181017
0002106061771403073382320
18/10/2017 11:00:15 tx datasss -t 6 -e 29 -l 6 -c 221

181017
0203106191765603093342162
0404106341763603113339163
0602106481761803093353164
0805107031755903063321163
1002107171754103073339146
1204107321752203053356156
18/10/2017 23:00:15 tx datasss -t 6 -e 29 -l 6 -c 221

181017
1405107491750003053372169
1602108061743803053332173
1802108231741703033345166
2002108411735403023350158
2202108581733103013375148
191017
0004109161730803033379153
19/10/2017 11:00:49 tx datasss -t 6 -e 29 -l 6 -c 221

191017
0203109321724703063342164
0404109491722603043424195
0604110061720503033423190
0802110221714403023435186
1003110391712203023430196
1201110561710003013440194
19/10/2017 23:00:15 tx datasss -t 6 -e 29 -l 6 -c 221

191017
1403111151703603013448192
1602111331701203023448194
1803111511694703013449196
2003112061692103013441188
2204112221685502923425007
201017
0002112361682902823463003
20/10/2017 11:00:15 tx datasss -t 6 -e 29 -l 6 -c 221

201017
0205112501680302773473006
0401113031674002763478003
0605113181671402783477003
0804113321664902753480003
1002113461662402723483009
1201114001655802693486003
20/10/2017 23:00:15 tx datasss -t 6 -e 29 -l 6 -c 221

201017
1404114161653102703480029
1605114321650202693480008
1804114471643402673486003
2002115021640702643487003
2204115171633902653489003
211017
0001115321631302723484003
21/10/2017 11:00:15 tx datasss -t 6 -e 29 -l 6 -c 221

211017
0204115461624703043458271
0402115601622303053448261
0605116141615803053441266
0806116271613303053438274
1003116401611003043438268
1205116531604603043447255
21/10/2017 23:00:15 tx datasss -t 6 -e 29 -l 6 -c 221

211017
1403117061602203043438271
1603117211595503043440268
1803117361592903033435267
2003117491590103043440264
2203117491583103053448259
221017
0003117491580103053454271
22/10/2017 11:00:15 tx datasss -t 6 -e 29 -l 6 -c 221

221017
0204117491573103063448266
0403117501570303063447266
0604117501563403053407270
0803117501560603043425258
1006117501553803043389268
1203117501551103043380265
22/10/2017 23:00:15 tx datasss -t 6 -e 29 -l 6 -c 221

221017
1404117501544303043394273
1603117501541203033423262
1804117501534303033407271
2002117501531403033427264
2205117501524403023432003
231017
0005117501521402953477003
23/10/2017 11:00:15 tx datasss -t 6 -e 29 -l 6 -c 221

231017
0206117501514402973492003
0405118061512102993495003
0606118231505603013489003
0805118381503402973481003
1007118541501102893476003
1203119101494902833481003
23/10/2017 23:00:15 tx datasss -t 6 -e 29 -l 6 -c 221

231017
1405119271492502803466003
1603119451490102783435003
1805120011483602763437003
2003120171481302773439003
2203120331475002773441003
241017
0004120501472603013451280
24/10/2017 11:00:15 tx datasss -t 6 -e 29 -l 6 -c 221

241017
0206121061470203033442262
0403121221464003043448272
0605121381461803043444260
0805121541455803033417268
1003122091453703033414277
1203122231451603013470268
24/10/2017 23:00:15 tx datasss -t 6 -e 29 -l 6 -c 221

241017
1406122381445402983469270
1605122531443002973466268
1804123091440602993437271
2004123261434303023459271
2204123431432003023459272
251017
0005123601425503023449274
25/10/2017 11:00:15 tx datasss -t 6 -e 29 -l 6 -c 221

251017
0202124151423103013419266
0404124301420702993420275
0604124441414502993435261
0802124541412002993416278
1006125111405602933429263
1204125271403302893414271
25/10/2017 23:00:15 tx datasss -t 6 -e 29 -l 6 -c 221

251017
1405125431400902883441274
1605125591394202843442268
1804126141391602813422274
2006126301385102813429280
2206126431382602853441271
261017
0005126581380102843444268
26/10/2017 11:00:15 tx datasss -t 6 -e 29 -l 6 -c 221

261017
0206127131373402833443271
0405127281370902803433276
0605127431364402803430276
0806127581361802753402271
1003128121355402743414279
1203128251352902693432270
26/10/2017 23:00:15 tx datasss -t 6 -e 29 -l 6 -c 221

261017
1406128361350402683431274
1605128471343502633431274
1805128581340502653430273
2005129111333402733424275
2206129261330402773434275
271017
0004129441323902673444003
27/10/2017 11:00:15 tx datasss -t 6 -e 29 -l 6 -c 221

271017
0205129581321102623463003
0405130041314202613464003
0605130081311202633463003
0804130171304802653433177
1004130401303802643432003
1203130591301902663444003
27/10/2017 23:00:15 tx datasss -t 6 -e 29 -l 6 -c 221

271017
1402131171295202693453003
1607131441293202683458003
1806132121292902693456003
2006132401292702693449003
2204133071292002693448003
281017
0004133331292202553434003
28/10/2017 11:00:15 tx datasss -t 6 -e 29 -l 6 -c 321

281017
0207134001293002553422003
0404134251293602553414003
0604134491293902563410003
28/10/2017 23:00:15 tx datasss -t 6 -e 29 -l 6 -c 321

301017
2207134491294302423396003
311017
0004134511293002423394003
31/10/2017 11:00:15 tx datasss -t 6 -e 29 -l 6 -c 221

011117
2205135061290402603392003
02/11/2017 11:00:15 tx datasss -t 6 -e 29 -l 6 -c 221

041117
1207135061290402603379003
04/11/2017 23:00:15 tx datasss -t 6 -e 29 -l 6 -c 221

041117
1406134501292802513378003
1607134331295702513374003
1805134171302402523375003
2006134011305102533371003
2203133541310802533372003
051117
0005133461313802523378003
05/11/2017 11:00:15 tx datasss -t 6 -e 29 -l 6 -c 221

051117
0204133231315402523381003
0405132561321402523382003
0606132401323902543391003
0804132441331302593380003
1007132571334202613377003
1203133091341002513425003
05/11/2017 23:00:15 tx datasss -t 6 -e 29 -l 6 -c 221

051117
1405133201342502543432003
1606133371344702563431003
1805133601345902573426003
2006134221350302573423003
2207134421351502553421003
06/11/2017 11:00:15 tx datasss -t 6 -e 29 -l 6 -c 321

061117
0606134331351402603433003
0805134091345802613429003
1004133421350602583443003
1207133221353302563452003
06/11/2017 23:00:15 tx datasss -t 6 -e 29 -l 6 -c 221

061117
1407133271360302563452003
1604133461362602573456003
1804134051364902583457003
2005134261370402603448003
2206134481364702603445003
07/11/2017 11:00:15 tx datasss -t 6 -e 29 -l 6 -c 321

071117
0806134511364502723443003
1006134311370202683445003
1206134301373702633460003
07/11/2017 23:00:15 tx datasss -t 6 -e 29 -l 6 -c 321

071117
1403134281381402633463003
1604134261385202643462003
1804134461391702673455003
2006135031394402663462003
2204135241394602673448003
08/11/2017 11:00:15 tx datasss -t 6 -e 29 -l 6 -c 221

081117
1005135131394602593451003
1205134511394102563475003
08/11/2017 23:00:15 tx datasss -t 6 -e 29 -l 6 -c 221

081117
1404134311400302573472003
1606134131402502583481003
1805133551404302590410003
2004133351410002610018003
2203133181412202493432321
091117
0003132571414802483433307
09/11/2017 11:00:15 tx datasss -t 6 -e 29 -l 6 -c 221

091117
0203132361420902523461336
0403132151423002473455325
0606131551425202463455328
0807131341431402493461325
1006131151433402613461329
1204130591435302623455336
09/11/2017 23:00:15 tx datasss -t 6 -e 29 -l 6 -c 221

091117
1407130401441202623452337
1605130231442902573454343
1806130061444802603448338
2005129501450502613448336
2205129331452502583452341
101117
0005129141454602673456329
10/11/2017 11:00:15 tx datasss -t 6 -e 29 -l 6 -c 221

101117
0205128541460502673466326
0403128331462502723410336
0605128121464502753494327
0805127521470502763483334
1005127351472402793482333
1205127181474202783489337
10/11/2017 23:00:15 tx datasss -t 6 -e 29 -l 6 -c 221

101117
1407127011476002793483333
1607126421481802773482338
1804126251483602813478333
2006126061485502813458259
2205125471491502823469342
111117
0004125271493502823472337
11/11/2017 11:00:15 tx datasss -t 6 -e 29 -l 6 -c 221

111117
0206125061495602853474331
0405124451501602913474340
0605124251503702913467336
0804124031505802913471333
1005123431511802903471330
1205123241513702903468340
11/11/2017 23:00:15 tx datasss -t 6 -e 29 -l 6 -c 221

111117
1406123061515502913447305
1605122481521302913469336
1806122301523002903478339
2005122131524802883483338
2205121541530802913475332
121117
0005121341532602923467310
12/11/2017 11:00:15 tx datasss -t 6 -e 29 -l 6 -c 221

121117
0204121141534502943423284
0406120531540502953353328
0606120331542502953329342
0806120131544502953432295
1004119541550202943435299
1203119361552002981811335
12/11/2017 23:00:15 tx datasss -t 6 -e 29 -l 6 -c 221

121117
1405119171553803003435340
1605118591555603003432336
1805118411561302993436340
2007118221563103003455340
2204118021565003003448337
131117
0007117411571003013410313
13/11/2017 11:00:15 tx datasss -t 6 -e 29 -l 6 -c 221

131117
0205117211573003013394288
0404117001574903033417279
0604116401580903043409307
0803116201582803043411296
1003116021584603033427337
1206115451590103033409313
13/11/2017 23:00:15 tx datasss -t 6 -e 29 -l 6 -c 221

131117
1406115261591903033432334
1607115081593603023414287
1806114491595403023403317
2005114301601303013416317
2204114091603103023399297
141117
0003113491605003023366292
14/11/2017 11:00:15 tx datasss -t 6 -e 29 -l 6 -c 221

141117
0206113301610703383383003
0407113111612603033417284
0606112521614403033409281
0806112331620103023389270
1006112151621603023406267
1207111581623303023370266
14/11/2017 23:00:15 tx datasss -t 6 -e 29 -l 6 -c 221

141117
1407111411624903023402295
1604111231630503053357252
1804111041632203043310265
2003110451634003043352316
2206110251635903033366319
151117
0007110051641703053362318
15/11/2017 11:00:15 tx datasss -t 6 -e 29 -l 6 -c 221

151117
0205109471643403053359316
0405109271645203053364319
0604109071651003053353313
0804108491652703063309317
1006108331654503083333297
1204108161660103083329310
15/11/2017 23:00:15 tx datasss -t 6 -e 29 -l 6 -c 221

151117
1407107591661903073317265
1604107421663603063294274
1806107231665503073270261
2006107041671603083285271
2204106431673503073278260
161117
0007106221675703063287266
16/11/2017 11:00:15 tx datasss -t 6 -e 29 -l 6 -c 221

161117
0206106021681703073340268
0406105421683703073344267
0607105221685603063303282
0804105041691403063316276
1007104481693103063327278
1206104291695003063373267
16/11/2017 23:00:15 tx datasss -t 6 -e 29 -l 6 -c 221

161117
1403104101700803053394284
1607103511702803023401285
1803103341704503033409271
2007103131710503033408276
2206102541712503033396271
171117
0003102371714203033411266
17/11/2017 11:00:15 tx datasss -t 6 -e 29 -l 6 -c 221

171117
0207102181720103023407263
0406101581722103013405266
0606101381724003003411282
17/11/2017 23:00:15 tx datasss -t 6 -e 29 -l 6 -c 221

181117
2005101221725002973403284
2207101061722803003404268
191117
0006100481720602953407283
19/11/2017 11:00:15 tx datasss -t 6 -e 29 -l 6 -c 221

191117
0203100311714502973419278
0405100141712402983407270
0604300021710302973409274
0805300201704002983422279
1007300381701703003413278
1204300561695503023428267
19/11/2017 23:00:15 tx datasss -t 6 -e 29 -l 6 -c 221

191117
1407301141693203023430268
1605301321690903043434282
1807301501684703043446275
2004302071682603053450275
2206302231680503073452285
201117
0004302391674503093455283
20/11/2017 11:00:15 tx datasss -t 6 -e 29 -l 6 -c 221

201117
0203302551672503133420283
0405303111670403143427284
0604303291664403113450287
0804303461662303093430274
1006304031655803093440284
1206304201653603133453271
20/11/2017 23:00:15 tx datasss -t 6 -e 29 -l 6 -c 221

201117
1405304381651403143437286
1603304541645203123436283
1806305121642803113386294
2004305291640603113381288
2205305451634503133376282
211117
0005306011632403133395278
21/11/2017 11:00:15 tx datasss -t 6 -e 29 -l 6 -c 221

211117
0203306161630203133405274
0406306331624003133345279
0604306491621903153366283
0805307051615903143346270
1007307221613603123334284
1204307381611403103317283
21/11/2017 23:00:15 tx datasss -t 6 -e 29 -l 6 -c 221

211117
1403307541605103103323279
1603308131603103123337261
1803308341601203043346265
2005308561595503093324262
2206309221595803133334245
22/11/2017 11:00:15 tx datasss -t 6 -e 29 -l 6 -c 221

231117
0404309251595803093238271
0606309231602603113292262
0806309361604803073322258
1005309571610303093340262
1207310231610803103346263
23/11/2017 23:00:15 tx datasss -t 6 -e 29 -l 6 -c 221

231117
1405310431612603113313258
1603311031614403113341255
1804311241620603113309251
2007311451622603053311272
2204312051624403043316274
241117
0007312251630403043334273
24/11/2017 11:00:15 tx datasss -t 6 -e 29 -l 6 -c 221

241117
0204312431632103023332268
0404313021634003003331261
0608313211635802993323256
0804313401641502993341256
1005313571643402993344265
1206314161645202963344256
24/11/2017 23:00:15 tx datasss -t 6 -e 29 -l 6 -c 221

241117
1405314351651002983314258
1607314541652902933351268
1804315141655002953348272
2007315361661102883371271
2204315571662902903372259
251117
0006316181664902903333259
25/11/2017 11:00:15 tx datasss -t 6 -e 29 -l 6 -c 221

251117
0203316381670702873370267
0403316571672402833029251
0605317171674202792251264
0806317361676002822811264
25/11/2017 23:00:15 tx datasss -t 6 -e 29 -l 6 -c 221

271117
0607317471681402843415310
0803318131680802763445310
1007318401680202743454313
1205319061675602693466315
27/11/2017 23:00:15 tx datasss -t 6 -e 29 -l 6 -c 221

271117
1406319321675102653469313
1603319571674502693461313
1806320231674002623484311
2005320481673502623479310
2205321141672802673434270
281117
0006321381672202683344313
28/11/2017 11:00:15 tx datasss -t 6 -e 29 -l 6 -c 221

